Using pre-set license
Built from '2020.3/staging' branch; Version is '2020.3.0f1 (c7b5465681fb) revision 13088070'; Using compiler version '192528614'; Build Type 'Release'
OS: 'Windows 10 Home; OS build 19042.928; Version 2009; 64bit' Language: 'en' Physical Memory: 16269 MB
BatchMode: 1, IsHumanControllingUs: 0, StartBugReporterOnCrash: 0, Is64bit: 1, IsPro: 0

 COMMAND LINE ARGUMENTS:
D:\Unity\Versions\2020.3.0f1\Editor\Unity.exe
-adb2
-batchMode
-noUpm
-name
AssetImportWorker0
-projectPath
D:/Unity/Git/turbo-spoon/turbo-spoon
-logFile
Logs/AssetImportWorker0.log
-srvPort
54339
Successfully changed project path to: D:/Unity/Git/turbo-spoon/turbo-spoon
D:/Unity/Git/turbo-spoon/turbo-spoon
Using Asset Import Pipeline V2.
Refreshing native plugins compatible for Editor in 53.52 ms, found 0 plugins.
Preloading 0 native plugins for Editor in 0.00 ms.
Initialize engine version: 2020.3.0f1 (c7b5465681fb)
[Subsystems] Discovering subsystems at path D:/Unity/Versions/2020.3.0f1/Editor/Data/Resources/UnitySubsystems
[Subsystems] Discovering subsystems at path D:/Unity/Git/turbo-spoon/turbo-spoon/Assets
GfxDevice: creating device client; threaded=0
Direct3D:
    Version:  Direct3D 11.0 [level 11.1]
    Renderer: NVIDIA GeForce GTX 1060 (ID=0x1c20)
    Vendor:   
    VRAM:     6052 MB
    Driver:   26.21.14.4587
Initialize mono
Mono path[0] = 'D:/Unity/Versions/2020.3.0f1/Editor/Data/Managed'
Mono path[1] = 'D:/Unity/Versions/2020.3.0f1/Editor/Data/MonoBleedingEdge/lib/mono/unityjit'
Mono config path = 'D:/Unity/Versions/2020.3.0f1/Editor/Data/MonoBleedingEdge/etc'
Using monoOptions --debugger-agent=transport=dt_socket,embedding=1,server=y,suspend=n,address=127.0.0.1:56964
Begin MonoManager ReloadAssembly
Registering precompiled unity dll's ...
Register platform support module: D:/Unity/Versions/2020.3.0f1/Editor/Data/PlaybackEngines/WindowsStandaloneSupport/UnityEditor.WindowsStandalone.Extensions.dll
Registered in 0.002779 seconds.
Native extension for WindowsStandalone target not found
Refreshing native plugins compatible for Editor in 42.43 ms, found 0 plugins.
Preloading 0 native plugins for Editor in 0.00 ms.
Invoked RoslynAnalysisRunner static constructor.
RoslynAnalysisRunner will not be running.
RoslynAnalysisRunner has terminated.
Mono: successfully reloaded assembly
- Completed reload, in  5.493 seconds
Platform modules already initialized, skipping
Registering precompiled user dll's ...
Registered in 0.001016 seconds.
Begin MonoManager ReloadAssembly
Error: Could not load signature of UnityEditor.XR.ARKit.XcodeAssetCatalog:WriteAndAddToPBXProject due to: Could not load file or assembly 'UnityEditor.iOS.Extensions.Xcode, Version=1.0.0.0, Culture=neutral, PublicKeyToken=null' or one of its dependencies. assembly:UnityEditor.iOS.Extensions.Xcode, Version=1.0.0.0, Culture=neutral, PublicKeyToken=null type:<unknown type> member:(null) signature:<none>

Unloading broken assembly Library/ScriptAssemblies/Unity.XR.ARKit.Editor.dll, this assembly can cause crashes in the runtime

Native extension for WindowsStandalone target not found
Refreshing native plugins compatible for Editor in 56.29 ms, found 0 plugins.
Preloading 0 native plugins for Editor in 0.00 ms.
Invoked RoslynAnalysisRunner static constructor.
RoslynAnalysisRunner will not be running.
RoslynAnalysisRunner has terminated.
Mono: successfully reloaded assembly
- Completed reload, in  1.360 seconds
Platform modules already initialized, skipping
========================================================================
Worker process is ready to serve import requests
Launched and connected shader compiler UnityShaderCompiler.exe after 0.09 seconds
Refreshing native plugins compatible for Editor in 0.70 ms, found 0 plugins.
Preloading 0 native plugins for Editor in 0.00 ms.
Unloading 1986 Unused Serialized files (Serialized files now loaded: 0)
System memory in use before: 89.8 MB.
System memory in use after: 89.9 MB.

Unloading 14 unused Assets to reduce memory usage. Loaded Objects now: 2437.
Total: 3.995000 ms (FindLiveObjects: 0.330200 ms CreateObjectMapping: 0.156700 ms MarkObjects: 3.298600 ms  DeleteObjects: 0.206900 ms)

========================================================================
Received Import Request.
  path: Assets/Models/SFL2.prefab
  artifactKey: Guid(be4625e800daa844e9ada5bc59293475) Importer(815301076,1909f56bfc062723c751e8b465ee728b)
Start importing Assets/Models/SFL2.prefab using Guid(be4625e800daa844e9ada5bc59293475) Importer(815301076,1909f56bfc062723c751e8b465ee728b)  -> (artifact id: '369b84c17bb6b908e9f6f66123176249') in 0.653837 seconds
  Import took 0.682293 seconds .

========================================================================
Received Import Request.
  Time since last request: 0.004108 seconds.
  path: Assets/Models/SFL4.prefab
  artifactKey: Guid(f4488927943970a4cae6857689ba2119) Importer(815301076,1909f56bfc062723c751e8b465ee728b)
Start importing Assets/Models/SFL4.prefab using Guid(f4488927943970a4cae6857689ba2119) Importer(815301076,1909f56bfc062723c751e8b465ee728b)  -> (artifact id: 'ff8134b755b341c037e2f97b24b5088a') in 0.422425 seconds
  Import took 0.500335 seconds .

========================================================================
Received Import Request.
  Time since last request: 0.000904 seconds.
  path: Assets/Models/SFL3.prefab
  artifactKey: Guid(f57af0d2f74b432428043e6dfe36653f) Importer(815301076,1909f56bfc062723c751e8b465ee728b)
Start importing Assets/Models/SFL3.prefab using Guid(f57af0d2f74b432428043e6dfe36653f) Importer(815301076,1909f56bfc062723c751e8b465ee728b)  -> (artifact id: '296596e57475578b29a65f5370c42116') in 0.448726 seconds
  Import took 0.452869 seconds .

========================================================================
Received Import Request.
  Time since last request: 0.001068 seconds.
  path: Assets/Models/SFL6.prefab
  artifactKey: Guid(77ed18aa43c8d5a43817f9354cdaeb67) Importer(815301076,1909f56bfc062723c751e8b465ee728b)
Start importing Assets/Models/SFL6.prefab using Guid(77ed18aa43c8d5a43817f9354cdaeb67) Importer(815301076,1909f56bfc062723c751e8b465ee728b)  -> (artifact id: '215f0c36c80a482d311e88a1684c5cce') in 0.406497 seconds
  Import took 0.410953 seconds .

========================================================================
Received Import Request.
  Time since last request: 0.000972 seconds.
  path: Assets/Models/SFL5.prefab
  artifactKey: Guid(1c4450011aa754644b627bebea4723fb) Importer(815301076,1909f56bfc062723c751e8b465ee728b)
Start importing Assets/Models/SFL5.prefab using Guid(1c4450011aa754644b627bebea4723fb) Importer(815301076,1909f56bfc062723c751e8b465ee728b)  -> (artifact id: '6eb4dd13e20be201ba817a296ac63a35') in 0.408698 seconds
  Import took 0.412360 seconds .

========================================================================
Received Import Request.
  Time since last request: 0.000788 seconds.
  path: Assets/Models/SFL1.prefab
  artifactKey: Guid(2bc5d7c76c2a18b4fb807c8dc63ae5d3) Importer(815301076,1909f56bfc062723c751e8b465ee728b)
Start importing Assets/Models/SFL1.prefab using Guid(2bc5d7c76c2a18b4fb807c8dc63ae5d3) Importer(815301076,1909f56bfc062723c751e8b465ee728b)  -> (artifact id: '9a19e65e2d079b1c991b7b69c5345711') in 0.417836 seconds
  Import took 0.422286 seconds .

========================================================================
Received Import Request.
  Time since last request: 56.490132 seconds.
  path: Assets/Models/SFL1.prefab
  artifactKey: Guid(2bc5d7c76c2a18b4fb807c8dc63ae5d3) Importer(815301076,1909f56bfc062723c751e8b465ee728b)
Start importing Assets/Models/SFL1.prefab using Guid(2bc5d7c76c2a18b4fb807c8dc63ae5d3) Importer(815301076,1909f56bfc062723c751e8b465ee728b)  -> (artifact id: 'fd9c5a31ed8d7151df05c8bc20c08062') in 0.416931 seconds
  Import took 0.421502 seconds .

========================================================================
Received Import Request.
  Time since last request: 6.699939 seconds.
  path: Assets/Models/SFL2.prefab
  artifactKey: Guid(be4625e800daa844e9ada5bc59293475) Importer(815301076,1909f56bfc062723c751e8b465ee728b)
Start importing Assets/Models/SFL2.prefab using Guid(be4625e800daa844e9ada5bc59293475) Importer(815301076,1909f56bfc062723c751e8b465ee728b)  -> (artifact id: '4c54e1e553878ca635b4c1f7a6024690') in 0.464582 seconds
  Import took 0.469780 seconds .

========================================================================
Received Import Request.
  Time since last request: 3.782598 seconds.
  path: Assets/Models/SFL3.prefab
  artifactKey: Guid(f57af0d2f74b432428043e6dfe36653f) Importer(815301076,1909f56bfc062723c751e8b465ee728b)
Start importing Assets/Models/SFL3.prefab using Guid(f57af0d2f74b432428043e6dfe36653f) Importer(815301076,1909f56bfc062723c751e8b465ee728b)  -> (artifact id: 'a493e5c13624271fa6f8faad7cd62c4b') in 0.406012 seconds
  Import took 0.410749 seconds .

========================================================================
Received Import Request.
  Time since last request: 2.342379 seconds.
  path: Assets/Models/SFL4.prefab
  artifactKey: Guid(f4488927943970a4cae6857689ba2119) Importer(815301076,1909f56bfc062723c751e8b465ee728b)
Start importing Assets/Models/SFL4.prefab using Guid(f4488927943970a4cae6857689ba2119) Importer(815301076,1909f56bfc062723c751e8b465ee728b)  -> (artifact id: '17a5344408887e8453bc131ca5ee2213') in 0.424364 seconds
  Import took 0.431924 seconds .

========================================================================
Received Import Request.
  Time since last request: 2.410160 seconds.
  path: Assets/Models/SFL5.prefab
  artifactKey: Guid(1c4450011aa754644b627bebea4723fb) Importer(815301076,1909f56bfc062723c751e8b465ee728b)
Start importing Assets/Models/SFL5.prefab using Guid(1c4450011aa754644b627bebea4723fb) Importer(815301076,1909f56bfc062723c751e8b465ee728b)  -> (artifact id: '76df93b4833d362550147300e858dee3') in 0.409849 seconds
  Import took 0.414221 seconds .

========================================================================
Received Import Request.
  Time since last request: 2.006438 seconds.
  path: Assets/Models/SFL6.prefab
  artifactKey: Guid(77ed18aa43c8d5a43817f9354cdaeb67) Importer(815301076,1909f56bfc062723c751e8b465ee728b)
Start importing Assets/Models/SFL6.prefab using Guid(77ed18aa43c8d5a43817f9354cdaeb67) Importer(815301076,1909f56bfc062723c751e8b465ee728b)  -> (artifact id: 'e62530c47af5b80659378b905fac1609') in 0.384018 seconds
  Import took 0.389049 seconds .

========================================================================
Received Import Request.
  Time since last request: 1868.886436 seconds.
  path: Assets/Models/SFL1.prefab
  artifactKey: Guid(2bc5d7c76c2a18b4fb807c8dc63ae5d3) Importer(815301076,1909f56bfc062723c751e8b465ee728b)
Start importing Assets/Models/SFL1.prefab using Guid(2bc5d7c76c2a18b4fb807c8dc63ae5d3) Importer(815301076,1909f56bfc062723c751e8b465ee728b)  -> (artifact id: '08a2cdad88a75c08c41db9391bc3a341') in 0.449320 seconds
  Import took 0.476338 seconds .

========================================================================
Received Import Request.
  Time since last request: 49.162643 seconds.
  path: Assets/Models/SFL1.prefab
  artifactKey: Guid(2bc5d7c76c2a18b4fb807c8dc63ae5d3) Importer(815301076,1909f56bfc062723c751e8b465ee728b)
Start importing Assets/Models/SFL1.prefab using Guid(2bc5d7c76c2a18b4fb807c8dc63ae5d3) Importer(815301076,1909f56bfc062723c751e8b465ee728b)  -> (artifact id: '453b617f8a9f205ba09e9e73b09bb59a') in 0.399889 seconds
  Import took 0.404327 seconds .

========================================================================
Received Import Request.
  Time since last request: 6.646283 seconds.
  path: Assets/Models/SFL1.prefab
  artifactKey: Guid(2bc5d7c76c2a18b4fb807c8dc63ae5d3) Importer(815301076,1909f56bfc062723c751e8b465ee728b)
Start importing Assets/Models/SFL1.prefab using Guid(2bc5d7c76c2a18b4fb807c8dc63ae5d3) Importer(815301076,1909f56bfc062723c751e8b465ee728b)  -> (artifact id: '790a144cd1de68fba4d36e4d88821c60') in 0.424276 seconds
  Import took 0.429533 seconds .

========================================================================
Received Import Request.
  Time since last request: 2.222635 seconds.
  path: Assets/Models/SFL1.prefab
  artifactKey: Guid(2bc5d7c76c2a18b4fb807c8dc63ae5d3) Importer(815301076,1909f56bfc062723c751e8b465ee728b)
Start importing Assets/Models/SFL1.prefab using Guid(2bc5d7c76c2a18b4fb807c8dc63ae5d3) Importer(815301076,1909f56bfc062723c751e8b465ee728b)  -> (artifact id: '63a2dd112f44a55f6088e451d05e97fb') in 0.408305 seconds
  Import took 0.413237 seconds .

========================================================================
Received Import Request.
  Time since last request: 6.703948 seconds.
  path: Assets/Models/SFL1.prefab
  artifactKey: Guid(2bc5d7c76c2a18b4fb807c8dc63ae5d3) Importer(815301076,1909f56bfc062723c751e8b465ee728b)
Start importing Assets/Models/SFL1.prefab using Guid(2bc5d7c76c2a18b4fb807c8dc63ae5d3) Importer(815301076,1909f56bfc062723c751e8b465ee728b)  -> (artifact id: 'caa181f202c9cd4949d7cef90905893e') in 0.433520 seconds
  Import took 0.438002 seconds .

========================================================================
Received Import Request.
  Time since last request: 9.763905 seconds.
  path: Assets/Models/SFL2.prefab
  artifactKey: Guid(be4625e800daa844e9ada5bc59293475) Importer(815301076,1909f56bfc062723c751e8b465ee728b)
Start importing Assets/Models/SFL2.prefab using Guid(be4625e800daa844e9ada5bc59293475) Importer(815301076,1909f56bfc062723c751e8b465ee728b)  -> (artifact id: '6a3851ff6ef13cac5a32524a48bd13c4') in 0.441143 seconds
  Import took 0.445692 seconds .

========================================================================
Received Import Request.
  Time since last request: 14.667668 seconds.
  path: Assets/Models/SFL2.prefab
  artifactKey: Guid(be4625e800daa844e9ada5bc59293475) Importer(815301076,1909f56bfc062723c751e8b465ee728b)
Start importing Assets/Models/SFL2.prefab using Guid(be4625e800daa844e9ada5bc59293475) Importer(815301076,1909f56bfc062723c751e8b465ee728b)  -> (artifact id: 'bc552fcf5ca3cbb007f309450a04b558') in 0.424814 seconds
  Import took 0.429660 seconds .

========================================================================
Received Import Request.
  Time since last request: 14.669107 seconds.
  path: Assets/Models/SFL3.prefab
  artifactKey: Guid(f57af0d2f74b432428043e6dfe36653f) Importer(815301076,1909f56bfc062723c751e8b465ee728b)
Start importing Assets/Models/SFL3.prefab using Guid(f57af0d2f74b432428043e6dfe36653f) Importer(815301076,1909f56bfc062723c751e8b465ee728b)  -> (artifact id: 'f504a018b383b013eba7a3e1db1ba542') in 0.451748 seconds
  Import took 0.475540 seconds .

========================================================================
Received Import Request.
  Time since last request: 1.253376 seconds.
  path: Assets/Models/SFL3.prefab
  artifactKey: Guid(f57af0d2f74b432428043e6dfe36653f) Importer(815301076,1909f56bfc062723c751e8b465ee728b)
Start importing Assets/Models/SFL3.prefab using Guid(f57af0d2f74b432428043e6dfe36653f) Importer(815301076,1909f56bfc062723c751e8b465ee728b)  -> (artifact id: '648463003bd5f5859de82bc73217bd9e') in 0.385467 seconds
  Import took 0.391481 seconds .

========================================================================
Received Import Request.
  Time since last request: 12.303441 seconds.
  path: Assets/Models/SFL3.prefab
  artifactKey: Guid(f57af0d2f74b432428043e6dfe36653f) Importer(815301076,1909f56bfc062723c751e8b465ee728b)
Start importing Assets/Models/SFL3.prefab using Guid(f57af0d2f74b432428043e6dfe36653f) Importer(815301076,1909f56bfc062723c751e8b465ee728b)  -> (artifact id: 'f4922af8d83f2d9257632ec07c3de9c0') in 0.380354 seconds
  Import took 0.408945 seconds .

========================================================================
Received Import Request.
  Time since last request: 10.929336 seconds.
  path: Assets/Models/SFL3.prefab
  artifactKey: Guid(f57af0d2f74b432428043e6dfe36653f) Importer(815301076,1909f56bfc062723c751e8b465ee728b)
Start importing Assets/Models/SFL3.prefab using Guid(f57af0d2f74b432428043e6dfe36653f) Importer(815301076,1909f56bfc062723c751e8b465ee728b)  -> (artifact id: '275c4a9076f96c004cb8591ad41ff78e') in 0.387843 seconds
  Import took 0.393632 seconds .

========================================================================
Received Import Request.
  Time since last request: 3.873609 seconds.
  path: Assets/Models/SFL3.prefab
  artifactKey: Guid(f57af0d2f74b432428043e6dfe36653f) Importer(815301076,1909f56bfc062723c751e8b465ee728b)
Start importing Assets/Models/SFL3.prefab using Guid(f57af0d2f74b432428043e6dfe36653f) Importer(815301076,1909f56bfc062723c751e8b465ee728b)  -> (artifact id: 'a9cff66d7b242783664f1085c3a3c9e4') in 0.423956 seconds
  Import took 0.429557 seconds .

========================================================================
Received Import Request.
  Time since last request: 1.182513 seconds.
  path: Assets/Models/SFL3.prefab
  artifactKey: Guid(f57af0d2f74b432428043e6dfe36653f) Importer(815301076,1909f56bfc062723c751e8b465ee728b)
Start importing Assets/Models/SFL3.prefab using Guid(f57af0d2f74b432428043e6dfe36653f) Importer(815301076,1909f56bfc062723c751e8b465ee728b)  -> (artifact id: '09f2f061e287dfe95e1a7877ef389d15') in 0.440195 seconds
  Import took 0.444678 seconds .

========================================================================
Received Import Request.
  Time since last request: 5.594477 seconds.
  path: Assets/Models/SFL4.prefab
  artifactKey: Guid(f4488927943970a4cae6857689ba2119) Importer(815301076,1909f56bfc062723c751e8b465ee728b)
Start importing Assets/Models/SFL4.prefab using Guid(f4488927943970a4cae6857689ba2119) Importer(815301076,1909f56bfc062723c751e8b465ee728b)  -> (artifact id: '087b4f49e91fb8442ec10d1ffd7a4d87') in 0.429327 seconds
  Import took 0.434366 seconds .

========================================================================
Received Import Request.
  Time since last request: 2.004105 seconds.
  path: Assets/Models/SFL4.prefab
  artifactKey: Guid(f4488927943970a4cae6857689ba2119) Importer(815301076,1909f56bfc062723c751e8b465ee728b)
Start importing Assets/Models/SFL4.prefab using Guid(f4488927943970a4cae6857689ba2119) Importer(815301076,1909f56bfc062723c751e8b465ee728b)  -> (artifact id: '335de1d12ab36f06714b96aff95d63b7') in 0.385812 seconds
  Import took 0.390825 seconds .

========================================================================
Received Import Request.
  Time since last request: 10.834910 seconds.
  path: Assets/Models/SFL5.prefab
  artifactKey: Guid(1c4450011aa754644b627bebea4723fb) Importer(815301076,1909f56bfc062723c751e8b465ee728b)
Start importing Assets/Models/SFL5.prefab using Guid(1c4450011aa754644b627bebea4723fb) Importer(815301076,1909f56bfc062723c751e8b465ee728b)  -> (artifact id: '5b09fa8399e3917ea94913dd64b5605f') in 0.422502 seconds
  Import took 0.427382 seconds .

========================================================================
Received Import Request.
  Time since last request: 3.890171 seconds.
  path: Assets/Models/SFL5.prefab
  artifactKey: Guid(1c4450011aa754644b627bebea4723fb) Importer(815301076,1909f56bfc062723c751e8b465ee728b)
Start importing Assets/Models/SFL5.prefab using Guid(1c4450011aa754644b627bebea4723fb) Importer(815301076,1909f56bfc062723c751e8b465ee728b)  -> (artifact id: '567984279a294e7da7a591075ae8e7af') in 0.388679 seconds
  Import took 0.393217 seconds .

========================================================================
Received Import Request.
  Time since last request: 18.972500 seconds.
  path: Assets/Models/SFL1.prefab
  artifactKey: Guid(2bc5d7c76c2a18b4fb807c8dc63ae5d3) Importer(815301076,1909f56bfc062723c751e8b465ee728b)
Start importing Assets/Models/SFL1.prefab using Guid(2bc5d7c76c2a18b4fb807c8dc63ae5d3) Importer(815301076,1909f56bfc062723c751e8b465ee728b)  -> (artifact id: '282e7bd96c3acd6e533d41d826c3f459') in 0.383249 seconds
  Import took 0.387829 seconds .

========================================================================
Received Import Request.
  Time since last request: 2.369321 seconds.
  path: Assets/Models/SFL1.prefab
  artifactKey: Guid(2bc5d7c76c2a18b4fb807c8dc63ae5d3) Importer(815301076,1909f56bfc062723c751e8b465ee728b)
Start importing Assets/Models/SFL1.prefab using Guid(2bc5d7c76c2a18b4fb807c8dc63ae5d3) Importer(815301076,1909f56bfc062723c751e8b465ee728b)  -> (artifact id: '1ba6895b20a94590cc7509a1d269cada') in 0.424361 seconds
  Import took 0.429515 seconds .

========================================================================
Received Import Request.
  Time since last request: 5.884953 seconds.
  path: Assets/Models/SFL2.prefab
  artifactKey: Guid(be4625e800daa844e9ada5bc59293475) Importer(815301076,1909f56bfc062723c751e8b465ee728b)
Start importing Assets/Models/SFL2.prefab using Guid(be4625e800daa844e9ada5bc59293475) Importer(815301076,1909f56bfc062723c751e8b465ee728b)  -> (artifact id: '06a2f27c4681568843e6dda3a2c3deb2') in 0.372803 seconds
  Import took 0.378641 seconds .

========================================================================
Received Import Request.
  Time since last request: 2.826806 seconds.
  path: Assets/Models/SFL2.prefab
  artifactKey: Guid(be4625e800daa844e9ada5bc59293475) Importer(815301076,1909f56bfc062723c751e8b465ee728b)
Start importing Assets/Models/SFL2.prefab using Guid(be4625e800daa844e9ada5bc59293475) Importer(815301076,1909f56bfc062723c751e8b465ee728b)  -> (artifact id: 'e8fd1c19fce294693ca1cf3259f4bb27') in 0.385993 seconds
  Import took 0.391465 seconds .

========================================================================
Received Import Request.
  Time since last request: 5.800128 seconds.
  path: Assets/Models/SFL3.prefab
  artifactKey: Guid(f57af0d2f74b432428043e6dfe36653f) Importer(815301076,1909f56bfc062723c751e8b465ee728b)
Start importing Assets/Models/SFL3.prefab using Guid(f57af0d2f74b432428043e6dfe36653f) Importer(815301076,1909f56bfc062723c751e8b465ee728b)  -> (artifact id: '64e5bdcdc95750f98152a7e97a1f9c62') in 0.387073 seconds
  Import took 0.392021 seconds .

========================================================================
Received Import Request.
  Time since last request: 1.970600 seconds.
  path: Assets/Models/SFL3.prefab
  artifactKey: Guid(f57af0d2f74b432428043e6dfe36653f) Importer(815301076,1909f56bfc062723c751e8b465ee728b)
Start importing Assets/Models/SFL3.prefab using Guid(f57af0d2f74b432428043e6dfe36653f) Importer(815301076,1909f56bfc062723c751e8b465ee728b)  -> (artifact id: '5ee48d1aab3dbc2be25c4f8bac43fa72') in 0.394348 seconds
  Import took 0.398812 seconds .

========================================================================
Received Import Request.
  Time since last request: 7.686812 seconds.
  path: Assets/Models/SFL4.prefab
  artifactKey: Guid(f4488927943970a4cae6857689ba2119) Importer(815301076,1909f56bfc062723c751e8b465ee728b)
Start importing Assets/Models/SFL4.prefab using Guid(f4488927943970a4cae6857689ba2119) Importer(815301076,1909f56bfc062723c751e8b465ee728b)  -> (artifact id: '427d7ac22976c33b45fab57828dce24c') in 0.372440 seconds
  Import took 0.393341 seconds .

========================================================================
Received Import Request.
  Time since last request: 4.927440 seconds.
  path: Assets/Models/SFL4.prefab
  artifactKey: Guid(f4488927943970a4cae6857689ba2119) Importer(815301076,1909f56bfc062723c751e8b465ee728b)
Start importing Assets/Models/SFL4.prefab using Guid(f4488927943970a4cae6857689ba2119) Importer(815301076,1909f56bfc062723c751e8b465ee728b)  -> (artifact id: '8e213ff8e71ddbe8deebaf4c8dceb24d') in 0.386165 seconds
  Import took 0.405702 seconds .

========================================================================
Received Import Request.
  Time since last request: 6.807625 seconds.
  path: Assets/Models/SFL5.prefab
  artifactKey: Guid(1c4450011aa754644b627bebea4723fb) Importer(815301076,1909f56bfc062723c751e8b465ee728b)
Start importing Assets/Models/SFL5.prefab using Guid(1c4450011aa754644b627bebea4723fb) Importer(815301076,1909f56bfc062723c751e8b465ee728b)  -> (artifact id: 'c94ee8fe21bb518adfc8394ff264de8a') in 0.385592 seconds
  Import took 0.389874 seconds .

========================================================================
Received Import Request.
  Time since last request: 1.488813 seconds.
  path: Assets/Models/SFL5.prefab
  artifactKey: Guid(1c4450011aa754644b627bebea4723fb) Importer(815301076,1909f56bfc062723c751e8b465ee728b)
Start importing Assets/Models/SFL5.prefab using Guid(1c4450011aa754644b627bebea4723fb) Importer(815301076,1909f56bfc062723c751e8b465ee728b)  -> (artifact id: 'd2780fe4923d89d25831aa4189f095c0') in 0.426966 seconds
  Import took 0.431314 seconds .

========================================================================
Received Import Request.
  Time since last request: 5.158524 seconds.
  path: Assets/Models/SFL6.prefab
  artifactKey: Guid(77ed18aa43c8d5a43817f9354cdaeb67) Importer(815301076,1909f56bfc062723c751e8b465ee728b)
Start importing Assets/Models/SFL6.prefab using Guid(77ed18aa43c8d5a43817f9354cdaeb67) Importer(815301076,1909f56bfc062723c751e8b465ee728b)  -> (artifact id: '0991c629313c86ff06b5c5efd139d269') in 0.386109 seconds
  Import took 0.390757 seconds .

========================================================================
Received Import Request.
  Time since last request: 2.939923 seconds.
  path: Assets/Models/SFL6.prefab
  artifactKey: Guid(77ed18aa43c8d5a43817f9354cdaeb67) Importer(815301076,1909f56bfc062723c751e8b465ee728b)
Start importing Assets/Models/SFL6.prefab using Guid(77ed18aa43c8d5a43817f9354cdaeb67) Importer(815301076,1909f56bfc062723c751e8b465ee728b)  -> (artifact id: '0998b296dd7aba3829f14d39794b3d65') in 0.417117 seconds
  Import took 0.421494 seconds .

========================================================================
Received Import Request.
  Time since last request: 7.258730 seconds.
  path: Assets/Models/SFL6.prefab
  artifactKey: Guid(77ed18aa43c8d5a43817f9354cdaeb67) Importer(815301076,1909f56bfc062723c751e8b465ee728b)
Start importing Assets/Models/SFL6.prefab using Guid(77ed18aa43c8d5a43817f9354cdaeb67) Importer(815301076,1909f56bfc062723c751e8b465ee728b)  -> (artifact id: 'b799a06be4997f53c8ce7ecb62f5f857') in 0.416307 seconds
  Import took 0.420538 seconds .

========================================================================
Received Import Request.
  Time since last request: 2.212619 seconds.
  path: Assets/Models/SFL6.prefab
  artifactKey: Guid(77ed18aa43c8d5a43817f9354cdaeb67) Importer(815301076,1909f56bfc062723c751e8b465ee728b)
Start importing Assets/Models/SFL6.prefab using Guid(77ed18aa43c8d5a43817f9354cdaeb67) Importer(815301076,1909f56bfc062723c751e8b465ee728b)  -> (artifact id: '3676f0989a569521868978b8b6b21fd8') in 0.383528 seconds
  Import took 0.387787 seconds .

AssetImportWorkerClient::OnTransportError - code=2 error=End of file
