Using pre-set license
Built from '2020.3/release' branch; Version is '2020.3.1f1 (77a89f25062f) revision 7841951'; Using compiler version '192528614'; Build Type 'Release'
OS: 'Windows 10 Home; OS build 19042.928; Version 2009; 64bit' Language: 'en' Physical Memory: 16269 MB
BatchMode: 1, IsHumanControllingUs: 0, StartBugReporterOnCrash: 0, Is64bit: 1, IsPro: 0

 COMMAND LINE ARGUMENTS:
D:\Unity\Versions\2020.3.1f1\Editor\Unity.exe
-adb2
-batchMode
-noUpm
-name
AssetImportWorker0
-projectPath
D:/Unity/Git/turbo-spoon-d7d9a69f3caf9fe7bc929b44034013d4b38f0616/turbo-spoon
-logFile
Logs/AssetImportWorker0.log
-srvPort
60936
Successfully changed project path to: D:/Unity/Git/turbo-spoon-d7d9a69f3caf9fe7bc929b44034013d4b38f0616/turbo-spoon
D:/Unity/Git/turbo-spoon-d7d9a69f3caf9fe7bc929b44034013d4b38f0616/turbo-spoon
Using Asset Import Pipeline V2.
Refreshing native plugins compatible for Editor in 50.05 ms, found 0 plugins.
Preloading 0 native plugins for Editor in 0.00 ms.
Initialize engine version: 2020.3.1f1 (77a89f25062f)
[Subsystems] Discovering subsystems at path D:/Unity/Versions/2020.3.1f1/Editor/Data/Resources/UnitySubsystems
[Subsystems] Discovering subsystems at path D:/Unity/Git/turbo-spoon-d7d9a69f3caf9fe7bc929b44034013d4b38f0616/turbo-spoon/Assets
GfxDevice: creating device client; threaded=0
Direct3D:
    Version:  Direct3D 11.0 [level 11.1]
    Renderer: NVIDIA GeForce GTX 1060 (ID=0x1c20)
    Vendor:   
    VRAM:     6052 MB
    Driver:   26.21.14.4587
Initialize mono
Mono path[0] = 'D:/Unity/Versions/2020.3.1f1/Editor/Data/Managed'
Mono path[1] = 'D:/Unity/Versions/2020.3.1f1/Editor/Data/MonoBleedingEdge/lib/mono/unityjit'
Mono config path = 'D:/Unity/Versions/2020.3.1f1/Editor/Data/MonoBleedingEdge/etc'
Using monoOptions --debugger-agent=transport=dt_socket,embedding=1,server=y,suspend=n,address=127.0.0.1:56876
Begin MonoManager ReloadAssembly
Registering precompiled unity dll's ...
Register platform support module: D:/Unity/Versions/2020.3.1f1/Editor/Data/PlaybackEngines/WindowsStandaloneSupport/UnityEditor.WindowsStandalone.Extensions.dll
Registered in 0.002394 seconds.
Native extension for WindowsStandalone target not found
Refreshing native plugins compatible for Editor in 57.55 ms, found 0 plugins.
Preloading 0 native plugins for Editor in 0.00 ms.
Invoked RoslynAnalysisRunner static constructor.
RoslynAnalysisRunner will not be running.
RoslynAnalysisRunner has terminated.
Mono: successfully reloaded assembly
- Completed reload, in  6.314 seconds
Platform modules already initialized, skipping
Registering precompiled user dll's ...
Registered in 0.001009 seconds.
Begin MonoManager ReloadAssembly
Native extension for WindowsStandalone target not found
Refreshing native plugins compatible for Editor in 49.13 ms, found 0 plugins.
Preloading 0 native plugins for Editor in 0.00 ms.
Invoked RoslynAnalysisRunner static constructor.
RoslynAnalysisRunner will not be running.
RoslynAnalysisRunner has terminated.
Mono: successfully reloaded assembly
- Completed reload, in  1.348 seconds
Platform modules already initialized, skipping
========================================================================
Worker process is ready to serve import requests
Launched and connected shader compiler UnityShaderCompiler.exe after 0.10 seconds
Refreshing native plugins compatible for Editor in 1.14 ms, found 0 plugins.
Preloading 0 native plugins for Editor in 0.00 ms.
Unloading 1985 Unused Serialized files (Serialized files now loaded: 0)
System memory in use before: 88.4 MB.
System memory in use after: 88.5 MB.

Unloading 13 unused Assets to reduce memory usage. Loaded Objects now: 2430.
Total: 3.212300 ms (FindLiveObjects: 0.233900 ms CreateObjectMapping: 0.083400 ms MarkObjects: 2.808300 ms  DeleteObjects: 0.085200 ms)

========================================================================
Received Import Request.
  path: Assets/Mat2.mat
  artifactKey: Guid(5d6e5968001a7c14294648ecf85545f3) Importer(815301076,1909f56bfc062723c751e8b465ee728b)
Start importing Assets/Mat2.mat using Guid(5d6e5968001a7c14294648ecf85545f3) Importer(815301076,1909f56bfc062723c751e8b465ee728b)  -> (artifact id: '5182f81c08a914d82d77ee21391861a7') in 1.796939 seconds
  Import took 1.801570 seconds .

========================================================================
Received Import Request.
  Time since last request: 0.001204 seconds.
  path: Assets/White.mat
  artifactKey: Guid(05f293dfc32f27d418dec6db31fb9e88) Importer(815301076,1909f56bfc062723c751e8b465ee728b)
Start importing Assets/White.mat using Guid(05f293dfc32f27d418dec6db31fb9e88) Importer(815301076,1909f56bfc062723c751e8b465ee728b)  -> (artifact id: '2245e98c986e305a0cb331655b3a3210') in 0.410495 seconds
  Import took 0.415606 seconds .

========================================================================
Received Import Request.
  Time since last request: 0.001022 seconds.
  path: Assets/SelectionMaterial.mat
  artifactKey: Guid(f783474c4490d6c4296cc52ee7457e51) Importer(815301076,1909f56bfc062723c751e8b465ee728b)
Start importing Assets/SelectionMaterial.mat using Guid(f783474c4490d6c4296cc52ee7457e51) Importer(815301076,1909f56bfc062723c751e8b465ee728b)  -> (artifact id: '38153269a9e3d2bf7d2c513583ed8616') in 0.022966 seconds
  Import took 0.026614 seconds .

========================================================================
Received Import Request.
  Time since last request: 0.000956 seconds.
  path: Assets/Default.prefab
  artifactKey: Guid(d68539f3a50a009448e75cfb648a6f55) Importer(815301076,1909f56bfc062723c751e8b465ee728b)
Start importing Assets/Default.prefab using Guid(d68539f3a50a009448e75cfb648a6f55) Importer(815301076,1909f56bfc062723c751e8b465ee728b)  -> (artifact id: '01b36e2f0c6ad680d73bf957638ad66d') in 0.337086 seconds
  Import took 0.340529 seconds .

========================================================================
Received Import Request.
  Time since last request: 4.342869 seconds.
  path: Assets/Default.prefab
  artifactKey: Guid(d68539f3a50a009448e75cfb648a6f55) Importer(815301076,1909f56bfc062723c751e8b465ee728b)
Start importing Assets/Default.prefab using Guid(d68539f3a50a009448e75cfb648a6f55) Importer(815301076,1909f56bfc062723c751e8b465ee728b)  -> (artifact id: '01b36e2f0c6ad680d73bf957638ad66d') in 0.016662 seconds
  Import took 0.021088 seconds .

========================================================================
Received Import Request.
  Time since last request: 283.484778 seconds.
  path: Assets/Scenes/SampleScene.unity
  artifactKey: Guid(9fc0d4010bbf28b4594072e72b8655ab) Importer(815301076,1909f56bfc062723c751e8b465ee728b)
Start importing Assets/Scenes/SampleScene.unity using Guid(9fc0d4010bbf28b4594072e72b8655ab) Importer(815301076,1909f56bfc062723c751e8b465ee728b)  -> (artifact id: '46a7c2a829362b5da3a3f0cc3b80a77b') in 0.012573 seconds
  Import took 0.016720 seconds .

========================================================================
Received Prepare
Registering precompiled user dll's ...
Registered in 0.001545 seconds.
Begin MonoManager ReloadAssembly
Error: Could not load signature of UnityEditor.XR.ARKit.XcodeAssetCatalog:WriteAndAddToPBXProject due to: Could not load file or assembly 'UnityEditor.iOS.Extensions.Xcode, Version=1.0.0.0, Culture=neutral, PublicKeyToken=null' or one of its dependencies. assembly:UnityEditor.iOS.Extensions.Xcode, Version=1.0.0.0, Culture=neutral, PublicKeyToken=null type:<unknown type> member:(null) signature:<none>

Unloading broken assembly Library/ScriptAssemblies/Unity.XR.ARKit.Editor.dll, this assembly can cause crashes in the runtime

Native extension for WindowsStandalone target not found
Refreshing native plugins compatible for Editor in 0.41 ms, found 0 plugins.
Preloading 0 native plugins for Editor in 0.00 ms.
Invoked RoslynAnalysisRunner static constructor.
RoslynAnalysisRunner will not be running.
RoslynAnalysisRunner has terminated.
Mono: successfully reloaded assembly
- Completed reload, in  1.050 seconds
Platform modules already initialized, skipping
Switching build target platform(5) subTarget(0) extendedPlatform(0) -> platform(9) subTarget(16777218) extendedPlatform(0)
Refreshing native plugins compatible for Editor in 0.49 ms, found 0 plugins.
Preloading 0 native plugins for Editor in 0.00 ms.
Unloading 1962 Unused Serialized files (Serialized files now loaded: 0)
System memory in use before: 90.2 MB.
System memory in use after: 90.4 MB.

Unloading 6 unused Assets to reduce memory usage. Loaded Objects now: 2475.
Total: 4.570000 ms (FindLiveObjects: 0.543800 ms CreateObjectMapping: 0.262700 ms MarkObjects: 3.668700 ms  DeleteObjects: 0.091000 ms)

AssetImportParameters requested are different than current active one (requested -> active):
  custom:graphics/normal-map-encoding: 01000000000000000000000000000000 -> 02000000000000000000000000000000
========================================================================
Received Prepare
Refreshing native plugins compatible for Editor in 1.23 ms, found 0 plugins.
Preloading 0 native plugins for Editor in 0.00 ms.
Unloading 3 Unused Serialized files (Serialized files now loaded: 0)
System memory in use before: 50.6 MB.
System memory in use after: 50.8 MB.

Unloading 3 unused Assets to reduce memory usage. Loaded Objects now: 2475.
Total: 2.752200 ms (FindLiveObjects: 0.355000 ms CreateObjectMapping: 0.092500 ms MarkObjects: 2.232900 ms  DeleteObjects: 0.070600 ms)

========================================================================
Received Prepare
Refreshing native plugins compatible for Editor in 1.70 ms, found 0 plugins.
Preloading 0 native plugins for Editor in 0.00 ms.
Unloading 3 Unused Serialized files (Serialized files now loaded: 0)
System memory in use before: 50.7 MB.
System memory in use after: 50.8 MB.

Unloading 3 unused Assets to reduce memory usage. Loaded Objects now: 2475.
Total: 2.459900 ms (FindLiveObjects: 0.246900 ms CreateObjectMapping: 0.106800 ms MarkObjects: 2.001700 ms  DeleteObjects: 0.102800 ms)

========================================================================
Received Prepare
Registering precompiled user dll's ...
Registered in 0.001590 seconds.
Begin MonoManager ReloadAssembly
Error: Could not load signature of UnityEditor.XR.ARKit.XcodeAssetCatalog:WriteAndAddToPBXProject due to: Could not load file or assembly 'UnityEditor.iOS.Extensions.Xcode, Version=1.0.0.0, Culture=neutral, PublicKeyToken=null' or one of its dependencies. assembly:UnityEditor.iOS.Extensions.Xcode, Version=1.0.0.0, Culture=neutral, PublicKeyToken=null type:<unknown type> member:(null) signature:<none>

Unloading broken assembly Library/ScriptAssemblies/Unity.XR.ARKit.Editor.dll, this assembly can cause crashes in the runtime

Native extension for WindowsStandalone target not found
Refreshing native plugins compatible for Editor in 0.40 ms, found 0 plugins.
Preloading 0 native plugins for Editor in 0.00 ms.
Invoked RoslynAnalysisRunner static constructor.
RoslynAnalysisRunner will not be running.
RoslynAnalysisRunner has terminated.
Mono: successfully reloaded assembly
- Completed reload, in  1.138 seconds
Platform modules already initialized, skipping
Switching build target platform(5) subTarget(0) extendedPlatform(0) -> platform(9) subTarget(16777218) extendedPlatform(0)
Refreshing native plugins compatible for Editor in 0.39 ms, found 0 plugins.
Preloading 0 native plugins for Editor in 0.00 ms.
Unloading 1962 Unused Serialized files (Serialized files now loaded: 0)
System memory in use before: 90.3 MB.
System memory in use after: 90.4 MB.

Unloading 6 unused Assets to reduce memory usage. Loaded Objects now: 2479.
Total: 3.474900 ms (FindLiveObjects: 0.267100 ms CreateObjectMapping: 0.142400 ms MarkObjects: 3.008700 ms  DeleteObjects: 0.055400 ms)

AssetImportParameters requested are different than current active one (requested -> active):
  custom:graphics/normal-map-encoding: 01000000000000000000000000000000 -> 02000000000000000000000000000000
AssetImportWorkerClient::OnTransportError - code=2 error=End of file
